2023-10-13 19:14:59.360 [info] Reading sessions from keychain...
2023-10-13 19:14:59.360 [info] Getting sessions for all scopes...
2023-10-13 19:14:59.360 [info] Got 0 sessions for ...
2023-10-13 19:14:59.360 [info] Getting sessions for read:user,repo,user:email,workflow...
2023-10-13 19:14:59.360 [info] Got 0 sessions for read:user,repo,user:email,workflow...
2023-10-13 19:14:59.360 [info] Getting sessions for all scopes...
2023-10-13 19:14:59.360 [info] Got 0 sessions for ...
2023-10-13 19:14:59.423 [info] Getting sessions for read:user,repo,user:email,workflow...
2023-10-13 19:14:59.423 [info] Got 0 sessions for read:user,repo,user:email,workflow...
2023-10-13 19:14:59.541 [info] Getting sessions for read:user,repo,user:email,workflow...
2023-10-13 19:14:59.541 [info] Got 0 sessions for read:user,repo,user:email,workflow...
2023-10-13 19:14:59.581 [info] Getting sessions for read:user,repo,user:email,workflow...
2023-10-13 19:14:59.581 [info] Got 0 sessions for read:user,repo,user:email,workflow...
2023-10-13 19:14:59.608 [info] Getting sessions for read:user,repo,user:email,workflow...
2023-10-13 19:14:59.608 [info] Got 0 sessions for read:user,repo,user:email,workflow...
2023-10-13 19:14:59.642 [info] Getting sessions for read:user,repo,user:email,workflow...
2023-10-13 19:14:59.642 [info] Got 0 sessions for read:user,repo,user:email,workflow...
2023-10-13 19:14:59.784 [info] Getting sessions for read:user,repo,user:email,workflow...
2023-10-13 19:14:59.784 [info] Got 0 sessions for read:user,repo,user:email,workflow...
2023-10-13 19:14:59.922 [info] Getting sessions for read:user,repo,user:email,workflow...
2023-10-13 19:14:59.922 [info] Got 0 sessions for read:user,repo,user:email,workflow...
2023-10-13 19:15:00.320 [info] Getting sessions for read:user,repo,user:email,workflow...
2023-10-13 19:15:00.320 [info] Got 0 sessions for read:user,repo,user:email,workflow...
